<?xml version="1.0" encoding="UTF-8"?>
<testng-results skipped="0" failed="0" ignored="0" total="0" passed="0">
  <reporter-output>
  </reporter-output>
  <suite name="com.leboncoin.test.MyLeboncoinTest.AppTest" duration-ms="4" started-at="2017-11-10T10:57:30Z" finished-at="2017-11-10T10:57:30Z">
    <groups>
    </groups>
    <test name="Command line test" duration-ms="4" started-at="2017-11-10T10:57:30Z" finished-at="2017-11-10T10:57:30Z">
    </test> <!-- Command line test -->
  </suite> <!-- com.leboncoin.test.MyLeboncoinTest.AppTest -->
</testng-results>
